<?xml version="1.0" encoding="UTF-8"?>
<!-- Generated by org.testng.reporters.JUnitReportReporter -->
<testsuite skipped="0" hostname="LAPTOP-96V44MJO" name="automationTest1.TestScenarios" tests="2" failures="0" timestamp="10 Jun 2019 13:58:56 GMT" time="23.973" errors="0">
  <testcase name="TestScenario1" time="13.389" classname="automationTest1.TestScenarios"/>
  <testcase name="TestScenario2" time="10.584" classname="automationTest1.TestScenarios"/>
</testsuite> <!-- automationTest1.TestScenarios -->
